
ROM used:   2919/8192 (36%)
            3061/8192 (37%) including unused fragments

            0.7 Average locations per line
            5.0 Average locations per statement

RAM used:   150/368 (41%) at main() level
            195/368 (53%) worst case

Stack used: 1 worst case (0 in main + 1 for interrupts)
Stack size: 8

Lines Stmts  %   Files
----- ----- ---  -----
  120    32   6  ex_time.c
  591     0   0  ..\..\..\..\..\Program Files (x86)\PICC\Devices\16F876.h
 1352    94  16  ..\..\..\..\..\Program Files (x86)\PICC\Drivers\stdlib.h
   32     0   0  ..\..\..\..\..\Program Files (x86)\PICC\Drivers\stddef.h
  435     0   0  ..\..\..\..\..\Program Files (x86)\PICC\Drivers\string.h
   28     0   0  ..\..\..\..\..\Program Files (x86)\PICC\Drivers\ctype.h
  283    79  14  ..\..\..\..\..\Program Files (x86)\PICC\Drivers\input.c
  236     0   0  ..\..\..\..\..\Program Files (x86)\PICC\Drivers\time.h
  419   159  27  ..\..\..\..\..\Program Files (x86)\PICC\Drivers\stdlibm.h
   76    13   2  ..\..\..\..\..\Program Files (x86)\PICC\Drivers\memmgmt.c
  133    17   3  ..\..\..\..\..\Program Files (x86)\PICC\Drivers\rtcticks.c
  430   186  32  ..\..\..\..\..\Program Files (x86)\PICC\Drivers\time.c
----- -----
 4135   580 Total

Page ROM  %  RAM    Vol Diff  Functions:
---- --- --- ---    --- ----  ----------
0     20   1    1             @delay_ms1
0     44   2   13             @MUL3232
0    184   6   17             @DIVS3232
0     39   1    5             @DIV1616
0     15   1    1             @SPRINTF
0     32   1    2             @PSTRINGR_9600_62_63
0     23   1    3             @DIV88
0     81   3   13             @DIV3232
0     62   2    2    352  4.6  DaysInMonth
 Inline         7    680  4.7  WeekdayAbbreviations
0     13   0    0             @const1053
 Inline         7   1154  4.8  MonthAbbreviations
 Inline         4    211  4.9  LeapYear
1    782  27   36    559  5.6  asctime
0     63   2    2             @PRINTF_U_858
 Inline         9             @PRINTF_LU_858
 Inline        15   1847 11.8  localtime
 Inline         5             @MUL1616
0     12   0    0             @TIMERISR_1
0     69   2    1             @GET_TICKS_1
0     87   3    4    156  3.3  clock
0     38   1    4     84  3.5  time
0    737  25    8    127  3.7  GetTime
0     18   1    0     59  1.6  TimeInit
0      9   0    0             @const1106
0    120   4    4             @PSTRINGC7_9600_62_63
0      8   0    0             @const1108
0      8   0    0             @const1109
0      9   0    0             @const1110
0     10   0    0             @const1111
1    231   8  102    447  4.6  MAIN
0     24   1    0             @const1119
0    100   3   12             @PRINTF_L32U_9600_62_63
 Inline         0             @cinit1

Program metrics:
    Functions               11
    Statements              580
    Comments                1502
    Volume (V)              8584
    Difficulty (D)          51.1
    Effort to implement (E) 438588
    Time to implement (T)   6 hours, 46 minutes
    Est Delivered Bugs (B)  2
    Cyclomatic Complexity   46
    Maintainability (MI)    37

 Segment     Used  Free
-----------  ----  ----
00000-00003     4  0  
00004-00050    77  0  
00051-007FF  1825  142  
00800-00FFF  1013  1035  
01000-017FF     0  2048  
01800-01FFF     0  2048  



